2012-08-28 19:07:30 Error: [MissingControllerException] Controller class Hide.jsController could not be found.
#0 C:\coisas\UniServer\vhosts\timmath.jaguarsoft.info\app\webroot\index.php(92): Dispatcher->dispatch(Object(CakeRequest), Object(CakeResponse))
#1 {main}
2012-08-28 19:13:13 Error: [MissingControllerException] Controller class Hide.jsController could not be found.
#0 C:\coisas\UniServer\vhosts\timmath.jaguarsoft.info\app\webroot\index.php(92): Dispatcher->dispatch(Object(CakeRequest), Object(CakeResponse))
#1 {main}
2012-08-28 19:13:13 Error: [MissingControllerException] Controller class CssController could not be found.
#0 C:\coisas\UniServer\vhosts\timmath.jaguarsoft.info\app\webroot\index.php(92): Dispatcher->dispatch(Object(CakeRequest), Object(CakeResponse))
#1 {main}
2012-08-28 19:13:13 Error: [MissingControllerException] Controller class CssController could not be found.
#0 C:\coisas\UniServer\vhosts\timmath.jaguarsoft.info\app\webroot\index.php(92): Dispatcher->dispatch(Object(CakeRequest), Object(CakeResponse))
#1 {main}
2012-08-28 19:14:15 Error: [MissingControllerException] Controller class Hide.jsController could not be found.
#0 C:\coisas\UniServer\vhosts\timmath.jaguarsoft.info\app\webroot\index.php(92): Dispatcher->dispatch(Object(CakeRequest), Object(CakeResponse))
#1 {main}
2012-08-28 19:14:15 Error: [MissingControllerException] Controller class CssController could not be found.
#0 C:\coisas\UniServer\vhosts\timmath.jaguarsoft.info\app\webroot\index.php(92): Dispatcher->dispatch(Object(CakeRequest), Object(CakeResponse))
#1 {main}
2012-08-28 19:14:15 Error: [MissingControllerException] Controller class CssController could not be found.
#0 C:\coisas\UniServer\vhosts\timmath.jaguarsoft.info\app\webroot\index.php(92): Dispatcher->dispatch(Object(CakeRequest), Object(CakeResponse))
#1 {main}
2012-08-28 19:14:27 Error: [MissingControllerException] Controller class Hide.jsController could not be found.
#0 C:\coisas\UniServer\vhosts\timmath.jaguarsoft.info\app\webroot\index.php(92): Dispatcher->dispatch(Object(CakeRequest), Object(CakeResponse))
#1 {main}
2012-08-28 19:16:07 Error: [MissingControllerException] Controller class Hide.jsController could not be found.
#0 C:\coisas\UniServer\vhosts\timmath.jaguarsoft.info\app\webroot\index.php(92): Dispatcher->dispatch(Object(CakeRequest), Object(CakeResponse))
#1 {main}
2012-08-28 19:16:38 Error: [MissingControllerException] Controller class Hide.jsController could not be found.
#0 C:\coisas\UniServer\vhosts\timmath.jaguarsoft.info\app\webroot\index.php(92): Dispatcher->dispatch(Object(CakeRequest), Object(CakeResponse))
#1 {main}
2012-08-28 20:24:19 Error: [MissingControllerException] Controller class Hide.jsController could not be found.
#0 C:\coisas\UniServer\vhosts\timmath.jaguarsoft.info\app\webroot\index.php(92): Dispatcher->dispatch(Object(CakeRequest), Object(CakeResponse))
#1 {main}
2012-08-28 20:27:06 Error: [MissingControllerException] Controller class Hide.jsController could not be found.
#0 C:\coisas\UniServer\vhosts\timmath.jaguarsoft.info\app\webroot\index.php(92): Dispatcher->dispatch(Object(CakeRequest), Object(CakeResponse))
#1 {main}
2012-08-28 20:27:10 Error: [MissingViewException] View file "C:\coisas\UniServer\vhosts\timmath.jaguarsoft.info\app\View\Pages\display.ctp" is missing.
#0 C:\coisas\UniServer\vhosts\timmath.jaguarsoft.info\lib\Cake\View\View.php(472): View->_getViewFileName('display')
#1 C:\coisas\UniServer\vhosts\timmath.jaguarsoft.info\lib\Cake\Controller\Controller.php(957): View->render('display', NULL)
#2 C:\coisas\UniServer\vhosts\timmath.jaguarsoft.info\app\Controller\PagesController.php(73): Controller->render('display')
#3 [internal function]: PagesController->display('display')
#4 C:\coisas\UniServer\vhosts\timmath.jaguarsoft.info\lib\Cake\Controller\Controller.php(485): ReflectionMethod->invokeArgs(Object(PagesController), Array)
#5 C:\coisas\UniServer\vhosts\timmath.jaguarsoft.info\lib\Cake\Routing\Dispatcher.php(186): Controller->invokeAction(Object(CakeRequest))
#6 C:\coisas\UniServer\vhosts\timmath.jaguarsoft.info\lib\Cake\Routing\Dispatcher.php(161): Dispatcher->_invoke(Object(PagesController), Object(CakeRequest), Object(CakeResponse))
#7 C:\coisas\UniServer\vhosts\timmath.jaguarsoft.info\app\webroot\index.php(92): Dispatcher->dispatch(Object(CakeRequest), Object(CakeResponse))
#8 {main}
2012-08-28 20:33:05 Error: [MissingControllerException] Controller class Hide.jsController could not be found.
#0 C:\coisas\UniServer\vhosts\timmath.jaguarsoft.info\app\webroot\index.php(92): Dispatcher->dispatch(Object(CakeRequest), Object(CakeResponse))
#1 {main}
2012-08-28 21:02:02 Error: [MissingControllerException] Controller class Hide.jsController could not be found.
#0 C:\coisas\UniServer\vhosts\timmath.jaguarsoft.info\app\webroot\index.php(92): Dispatcher->dispatch(Object(CakeRequest), Object(CakeResponse))
#1 {main}
2012-08-28 21:04:18 Error: [MissingControllerException] Controller class Hide.jsController could not be found.
#0 C:\coisas\UniServer\vhosts\timmath.jaguarsoft.info\app\webroot\index.php(92): Dispatcher->dispatch(Object(CakeRequest), Object(CakeResponse))
#1 {main}
2012-08-28 21:05:30 Error: [MissingControllerException] Controller class Hide.jsController could not be found.
#0 C:\coisas\UniServer\vhosts\timmath.jaguarsoft.info\app\webroot\index.php(92): Dispatcher->dispatch(Object(CakeRequest), Object(CakeResponse))
#1 {main}
2012-08-28 22:21:42 Error: [MissingControllerException] Controller class CssController could not be found.
#0 C:\coisas\UniServer\vhosts\timmath.jaguarsoft.info\app\webroot\index.php(92): Dispatcher->dispatch(Object(CakeRequest), Object(CakeResponse))
#1 {main}
2012-08-28 22:41:17 Error: [MissingControllerException] Controller class ImgController could not be found.
#0 C:\coisas\UniServer\vhosts\timmath.jaguarsoft.info\app\webroot\index.php(92): Dispatcher->dispatch(Object(CakeRequest), Object(CakeResponse))
#1 {main}
2012-08-28 22:53:38 Error: [MissingActionException] Action HomeController::services() could not be found.
#0 C:\coisas\UniServer\vhosts\timmath.jaguarsoft.info\lib\Cake\Routing\Dispatcher.php(186): Controller->invokeAction(Object(CakeRequest))
#1 C:\coisas\UniServer\vhosts\timmath.jaguarsoft.info\lib\Cake\Routing\Dispatcher.php(161): Dispatcher->_invoke(Object(HomeController), Object(CakeRequest), Object(CakeResponse))
#2 C:\coisas\UniServer\vhosts\timmath.jaguarsoft.info\app\webroot\index.php(92): Dispatcher->dispatch(Object(CakeRequest), Object(CakeResponse))
#3 {main}
2012-08-28 22:53:38 Error: [MissingActionException] Action HomeController::hide.js() could not be found.
#0 C:\coisas\UniServer\vhosts\timmath.jaguarsoft.info\lib\Cake\Routing\Dispatcher.php(186): Controller->invokeAction(Object(CakeRequest))
#1 C:\coisas\UniServer\vhosts\timmath.jaguarsoft.info\lib\Cake\Routing\Dispatcher.php(161): Dispatcher->_invoke(Object(HomeController), Object(CakeRequest), Object(CakeResponse))
#2 C:\coisas\UniServer\vhosts\timmath.jaguarsoft.info\app\webroot\index.php(92): Dispatcher->dispatch(Object(CakeRequest), Object(CakeResponse))
#3 {main}
2012-08-28 22:54:16 Error: [MissingActionException] Action HomeController::services() could not be found.
#0 C:\coisas\UniServer\vhosts\timmath.jaguarsoft.info\lib\Cake\Routing\Dispatcher.php(186): Controller->invokeAction(Object(CakeRequest))
#1 C:\coisas\UniServer\vhosts\timmath.jaguarsoft.info\lib\Cake\Routing\Dispatcher.php(161): Dispatcher->_invoke(Object(HomeController), Object(CakeRequest), Object(CakeResponse))
#2 C:\coisas\UniServer\vhosts\timmath.jaguarsoft.info\app\webroot\index.php(92): Dispatcher->dispatch(Object(CakeRequest), Object(CakeResponse))
#3 {main}
2012-08-28 22:54:17 Error: [MissingActionException] Action HomeController::img() could not be found.
#0 C:\coisas\UniServer\vhosts\timmath.jaguarsoft.info\lib\Cake\Routing\Dispatcher.php(186): Controller->invokeAction(Object(CakeRequest))
#1 C:\coisas\UniServer\vhosts\timmath.jaguarsoft.info\lib\Cake\Routing\Dispatcher.php(161): Dispatcher->_invoke(Object(HomeController), Object(CakeRequest), Object(CakeResponse))
#2 C:\coisas\UniServer\vhosts\timmath.jaguarsoft.info\app\webroot\index.php(92): Dispatcher->dispatch(Object(CakeRequest), Object(CakeResponse))
#3 {main}
2012-08-28 22:54:17 Error: [MissingActionException] Action HomeController::img() could not be found.
#0 C:\coisas\UniServer\vhosts\timmath.jaguarsoft.info\lib\Cake\Routing\Dispatcher.php(186): Controller->invokeAction(Object(CakeRequest))
#1 C:\coisas\UniServer\vhosts\timmath.jaguarsoft.info\lib\Cake\Routing\Dispatcher.php(161): Dispatcher->_invoke(Object(HomeController), Object(CakeRequest), Object(CakeResponse))
#2 C:\coisas\UniServer\vhosts\timmath.jaguarsoft.info\app\webroot\index.php(92): Dispatcher->dispatch(Object(CakeRequest), Object(CakeResponse))
#3 {main}
2012-08-28 22:54:29 Error: [MissingActionException] Action HomeController::services() could not be found.
#0 C:\coisas\UniServer\vhosts\timmath.jaguarsoft.info\lib\Cake\Routing\Dispatcher.php(186): Controller->invokeAction(Object(CakeRequest))
#1 C:\coisas\UniServer\vhosts\timmath.jaguarsoft.info\lib\Cake\Routing\Dispatcher.php(161): Dispatcher->_invoke(Object(HomeController), Object(CakeRequest), Object(CakeResponse))
#2 C:\coisas\UniServer\vhosts\timmath.jaguarsoft.info\app\webroot\index.php(92): Dispatcher->dispatch(Object(CakeRequest), Object(CakeResponse))
#3 {main}
2012-08-28 22:54:29 Error: [MissingActionException] Action HomeController::img() could not be found.
#0 C:\coisas\UniServer\vhosts\timmath.jaguarsoft.info\lib\Cake\Routing\Dispatcher.php(186): Controller->invokeAction(Object(CakeRequest))
#1 C:\coisas\UniServer\vhosts\timmath.jaguarsoft.info\lib\Cake\Routing\Dispatcher.php(161): Dispatcher->_invoke(Object(HomeController), Object(CakeRequest), Object(CakeResponse))
#2 C:\coisas\UniServer\vhosts\timmath.jaguarsoft.info\app\webroot\index.php(92): Dispatcher->dispatch(Object(CakeRequest), Object(CakeResponse))
#3 {main}
2012-08-28 22:54:29 Error: [MissingActionException] Action HomeController::img() could not be found.
#0 C:\coisas\UniServer\vhosts\timmath.jaguarsoft.info\lib\Cake\Routing\Dispatcher.php(186): Controller->invokeAction(Object(CakeRequest))
#1 C:\coisas\UniServer\vhosts\timmath.jaguarsoft.info\lib\Cake\Routing\Dispatcher.php(161): Dispatcher->_invoke(Object(HomeController), Object(CakeRequest), Object(CakeResponse))
#2 C:\coisas\UniServer\vhosts\timmath.jaguarsoft.info\app\webroot\index.php(92): Dispatcher->dispatch(Object(CakeRequest), Object(CakeResponse))
#3 {main}
2012-08-28 22:55:57 Error: [MissingActionException] Action HomeController::services() could not be found.
#0 C:\coisas\UniServer\vhosts\timmath.jaguarsoft.info\lib\Cake\Routing\Dispatcher.php(186): Controller->invokeAction(Object(CakeRequest))
#1 C:\coisas\UniServer\vhosts\timmath.jaguarsoft.info\lib\Cake\Routing\Dispatcher.php(161): Dispatcher->_invoke(Object(HomeController), Object(CakeRequest), Object(CakeResponse))
#2 C:\coisas\UniServer\vhosts\timmath.jaguarsoft.info\app\webroot\index.php(92): Dispatcher->dispatch(Object(CakeRequest), Object(CakeResponse))
#3 {main}
2012-08-28 22:55:57 Error: [MissingActionException] Action HomeController::img() could not be found.
#0 C:\coisas\UniServer\vhosts\timmath.jaguarsoft.info\lib\Cake\Routing\Dispatcher.php(186): Controller->invokeAction(Object(CakeRequest))
#1 C:\coisas\UniServer\vhosts\timmath.jaguarsoft.info\lib\Cake\Routing\Dispatcher.php(161): Dispatcher->_invoke(Object(HomeController), Object(CakeRequest), Object(CakeResponse))
#2 C:\coisas\UniServer\vhosts\timmath.jaguarsoft.info\app\webroot\index.php(92): Dispatcher->dispatch(Object(CakeRequest), Object(CakeResponse))
#3 {main}
2012-08-28 22:56:35 Error: [MissingActionException] Action HomeController::img() could not be found.
#0 C:\coisas\UniServer\vhosts\timmath.jaguarsoft.info\lib\Cake\Routing\Dispatcher.php(186): Controller->invokeAction(Object(CakeRequest))
#1 C:\coisas\UniServer\vhosts\timmath.jaguarsoft.info\lib\Cake\Routing\Dispatcher.php(161): Dispatcher->_invoke(Object(HomeController), Object(CakeRequest), Object(CakeResponse))
#2 C:\coisas\UniServer\vhosts\timmath.jaguarsoft.info\app\webroot\index.php(92): Dispatcher->dispatch(Object(CakeRequest), Object(CakeResponse))
#3 {main}
2012-08-28 22:56:43 Error: [MissingActionException] Action HomeController::services() could not be found.
#0 C:\coisas\UniServer\vhosts\timmath.jaguarsoft.info\lib\Cake\Routing\Dispatcher.php(186): Controller->invokeAction(Object(CakeRequest))
#1 C:\coisas\UniServer\vhosts\timmath.jaguarsoft.info\lib\Cake\Routing\Dispatcher.php(161): Dispatcher->_invoke(Object(HomeController), Object(CakeRequest), Object(CakeResponse))
#2 C:\coisas\UniServer\vhosts\timmath.jaguarsoft.info\app\webroot\index.php(92): Dispatcher->dispatch(Object(CakeRequest), Object(CakeResponse))
#3 {main}
2012-08-28 22:56:46 Error: [MissingActionException] Action HomeController::services() could not be found.
#0 C:\coisas\UniServer\vhosts\timmath.jaguarsoft.info\lib\Cake\Routing\Dispatcher.php(186): Controller->invokeAction(Object(CakeRequest))
#1 C:\coisas\UniServer\vhosts\timmath.jaguarsoft.info\lib\Cake\Routing\Dispatcher.php(161): Dispatcher->_invoke(Object(HomeController), Object(CakeRequest), Object(CakeResponse))
#2 C:\coisas\UniServer\vhosts\timmath.jaguarsoft.info\app\webroot\index.php(92): Dispatcher->dispatch(Object(CakeRequest), Object(CakeResponse))
#3 {main}
2012-08-29 00:13:31 Error: [MissingActionException] Action UsersController::login() could not be found.
#0 C:\coisas\UniServer\vhosts\timmath.jaguarsoft.info\lib\Cake\Routing\Dispatcher.php(186): Controller->invokeAction(Object(CakeRequest))
#1 C:\coisas\UniServer\vhosts\timmath.jaguarsoft.info\lib\Cake\Routing\Dispatcher.php(161): Dispatcher->_invoke(Object(UsersController), Object(CakeRequest), Object(CakeResponse))
#2 C:\coisas\UniServer\vhosts\timmath.jaguarsoft.info\app\webroot\index.php(92): Dispatcher->dispatch(Object(CakeRequest), Object(CakeResponse))
#3 {main}
2012-08-29 00:22:17 Error: [MissingViewException] View file "C:\coisas\UniServer\vhosts\timmath.jaguarsoft.info\app\View\Users\login.ctp" is missing.
#0 C:\coisas\UniServer\vhosts\timmath.jaguarsoft.info\lib\Cake\View\View.php(472): View->_getViewFileName(NULL)
#1 C:\coisas\UniServer\vhosts\timmath.jaguarsoft.info\lib\Cake\Controller\Controller.php(957): View->render(NULL, NULL)
#2 C:\coisas\UniServer\vhosts\timmath.jaguarsoft.info\lib\Cake\Routing\Dispatcher.php(193): Controller->render()
#3 C:\coisas\UniServer\vhosts\timmath.jaguarsoft.info\lib\Cake\Routing\Dispatcher.php(161): Dispatcher->_invoke(Object(UsersController), Object(CakeRequest), Object(CakeResponse))
#4 C:\coisas\UniServer\vhosts\timmath.jaguarsoft.info\app\webroot\index.php(92): Dispatcher->dispatch(Object(CakeRequest), Object(CakeResponse))
#5 {main}
2012-08-29 00:22:22 Error: [MissingViewException] View file "C:\coisas\UniServer\vhosts\timmath.jaguarsoft.info\app\View\Users\login.ctp" is missing.
#0 C:\coisas\UniServer\vhosts\timmath.jaguarsoft.info\lib\Cake\View\View.php(472): View->_getViewFileName(NULL)
#1 C:\coisas\UniServer\vhosts\timmath.jaguarsoft.info\lib\Cake\Controller\Controller.php(957): View->render(NULL, NULL)
#2 C:\coisas\UniServer\vhosts\timmath.jaguarsoft.info\lib\Cake\Routing\Dispatcher.php(193): Controller->render()
#3 C:\coisas\UniServer\vhosts\timmath.jaguarsoft.info\lib\Cake\Routing\Dispatcher.php(161): Dispatcher->_invoke(Object(UsersController), Object(CakeRequest), Object(CakeResponse))
#4 C:\coisas\UniServer\vhosts\timmath.jaguarsoft.info\app\webroot\index.php(92): Dispatcher->dispatch(Object(CakeRequest), Object(CakeResponse))
#5 {main}
2012-08-29 00:38:41 Error: [MissingViewException] View file "C:\coisas\UniServer\vhosts\timmath.jaguarsoft.info\app\View\Users\login.ctp" is missing.
#0 C:\coisas\UniServer\vhosts\timmath.jaguarsoft.info\lib\Cake\View\View.php(472): View->_getViewFileName(NULL)
#1 C:\coisas\UniServer\vhosts\timmath.jaguarsoft.info\lib\Cake\Controller\Controller.php(957): View->render(NULL, NULL)
#2 C:\coisas\UniServer\vhosts\timmath.jaguarsoft.info\lib\Cake\Routing\Dispatcher.php(193): Controller->render()
#3 C:\coisas\UniServer\vhosts\timmath.jaguarsoft.info\lib\Cake\Routing\Dispatcher.php(161): Dispatcher->_invoke(Object(UsersController), Object(CakeRequest), Object(CakeResponse))
#4 C:\coisas\UniServer\vhosts\timmath.jaguarsoft.info\app\webroot\index.php(92): Dispatcher->dispatch(Object(CakeRequest), Object(CakeResponse))
#5 {main}
2012-08-29 00:40:21 Error: [MissingViewException] View file "C:\coisas\UniServer\vhosts\timmath.jaguarsoft.info\app\View\Users\login.ctp" is missing.
#0 C:\coisas\UniServer\vhosts\timmath.jaguarsoft.info\lib\Cake\View\View.php(472): View->_getViewFileName(NULL)
#1 C:\coisas\UniServer\vhosts\timmath.jaguarsoft.info\lib\Cake\Controller\Controller.php(957): View->render(NULL, NULL)
#2 C:\coisas\UniServer\vhosts\timmath.jaguarsoft.info\lib\Cake\Routing\Dispatcher.php(193): Controller->render()
#3 C:\coisas\UniServer\vhosts\timmath.jaguarsoft.info\lib\Cake\Routing\Dispatcher.php(161): Dispatcher->_invoke(Object(UsersController), Object(CakeRequest), Object(CakeResponse))
#4 C:\coisas\UniServer\vhosts\timmath.jaguarsoft.info\app\webroot\index.php(92): Dispatcher->dispatch(Object(CakeRequest), Object(CakeResponse))
#5 {main}
2012-08-29 00:40:43 Error: [MissingViewException] View file "C:\coisas\UniServer\vhosts\timmath.jaguarsoft.info\app\View\Users\login.ctp" is missing.
#0 C:\coisas\UniServer\vhosts\timmath.jaguarsoft.info\lib\Cake\View\View.php(472): View->_getViewFileName(NULL)
#1 C:\coisas\UniServer\vhosts\timmath.jaguarsoft.info\lib\Cake\Controller\Controller.php(957): View->render(NULL, NULL)
#2 C:\coisas\UniServer\vhosts\timmath.jaguarsoft.info\lib\Cake\Routing\Dispatcher.php(193): Controller->render()
#3 C:\coisas\UniServer\vhosts\timmath.jaguarsoft.info\lib\Cake\Routing\Dispatcher.php(161): Dispatcher->_invoke(Object(UsersController), Object(CakeRequest), Object(CakeResponse))
#4 C:\coisas\UniServer\vhosts\timmath.jaguarsoft.info\app\webroot\index.php(92): Dispatcher->dispatch(Object(CakeRequest), Object(CakeResponse))
#5 {main}
2012-08-29 00:42:17 Error: [MissingViewException] View file "C:\coisas\UniServer\vhosts\timmath.jaguarsoft.info\app\View\Users\login.ctp" is missing.
#0 C:\coisas\UniServer\vhosts\timmath.jaguarsoft.info\lib\Cake\View\View.php(472): View->_getViewFileName(NULL)
#1 C:\coisas\UniServer\vhosts\timmath.jaguarsoft.info\lib\Cake\Controller\Controller.php(957): View->render(NULL, NULL)
#2 C:\coisas\UniServer\vhosts\timmath.jaguarsoft.info\lib\Cake\Routing\Dispatcher.php(193): Controller->render()
#3 C:\coisas\UniServer\vhosts\timmath.jaguarsoft.info\lib\Cake\Routing\Dispatcher.php(161): Dispatcher->_invoke(Object(UsersController), Object(CakeRequest), Object(CakeResponse))
#4 C:\coisas\UniServer\vhosts\timmath.jaguarsoft.info\app\webroot\index.php(92): Dispatcher->dispatch(Object(CakeRequest), Object(CakeResponse))
#5 {main}
2012-08-29 01:09:50 Error: Fatal Error (4): syntax error, unexpected $end in [C:\coisas\UniServer\vhosts\timmath.jaguarsoft.info\app\View\Users\login.ctp, line 1]
2012-08-29 01:09:50 Error: [FatalErrorException] syntax error, unexpected $end
#0 C:\coisas\UniServer\vhosts\timmath.jaguarsoft.info\lib\Cake\Error\ErrorHandler.php(162): ErrorHandler::handleFatalError(4, 'syntax error, u...', 'C:\coisas\UniSe...', 1)
#1 [internal function]: ErrorHandler::handleError(4, 'syntax error, u...', 'C:\coisas\UniSe...', 1, Array)
#2 C:\coisas\UniServer\vhosts\timmath.jaguarsoft.info\lib\Cake\Core\App.php(926): call_user_func('ErrorHandler::h...', 4, 'syntax error, u...', 'C:\coisas\UniSe...', 1, Array)
#3 C:\coisas\UniServer\vhosts\timmath.jaguarsoft.info\lib\Cake\Core\App.php(899): App::_checkFatalError()
#4 [internal function]: App::shutdown()
#5 {main}
2012-08-29 01:29:39 Error: [MissingTableException] Table aros_acos for model Permission was not found in datasource default.
#0 C:\coisas\UniServer\vhosts\timmath.jaguarsoft.info\lib\Cake\Model\Model.php(3180): Model->setSource('aros_acos')
#1 C:\coisas\UniServer\vhosts\timmath.jaguarsoft.info\lib\Cake\Model\Model.php(1301): Model->getDataSource()
#2 C:\coisas\UniServer\vhosts\timmath.jaguarsoft.info\lib\Cake\Model\Permission.php(88): Model->schema()
#3 C:\coisas\UniServer\vhosts\timmath.jaguarsoft.info\lib\Cake\Controller\Component\Acl\DbAcl.php(71): Permission->check(Array, 'Home/about', '*')
#4 C:\coisas\UniServer\vhosts\timmath.jaguarsoft.info\lib\Cake\Controller\Component\AclComponent.php(108): DbAcl->check(Array, 'Home/about', '*')
#5 C:\coisas\UniServer\vhosts\timmath.jaguarsoft.info\lib\Cake\Controller\Component\Auth\ActionsAuthorize.php(39): AclComponent->check(Array, 'Home/about')
#6 C:\coisas\UniServer\vhosts\timmath.jaguarsoft.info\lib\Cake\Controller\Component\AuthComponent.php(379): ActionsAuthorize->authorize(Array, Object(CakeRequest))
#7 C:\coisas\UniServer\vhosts\timmath.jaguarsoft.info\lib\Cake\Controller\Component\AuthComponent.php(326): AuthComponent->isAuthorized(Array)
#8 [internal function]: AuthComponent->startup(Object(HomeController))
#9 C:\coisas\UniServer\vhosts\timmath.jaguarsoft.info\lib\Cake\Utility\ObjectCollection.php(130): call_user_func_array(Array, Array)
#10 [internal function]: ObjectCollection->trigger(Object(CakeEvent))
#11 C:\coisas\UniServer\vhosts\timmath.jaguarsoft.info\lib\Cake\Event\CakeEventManager.php(246): call_user_func(Array, Object(CakeEvent))
#12 C:\coisas\UniServer\vhosts\timmath.jaguarsoft.info\lib\Cake\Controller\Controller.php(671): CakeEventManager->dispatch(Object(CakeEvent))
#13 C:\coisas\UniServer\vhosts\timmath.jaguarsoft.info\lib\Cake\Routing\Dispatcher.php(183): Controller->startupProcess()
#14 C:\coisas\UniServer\vhosts\timmath.jaguarsoft.info\lib\Cake\Routing\Dispatcher.php(161): Dispatcher->_invoke(Object(HomeController), Object(CakeRequest), Object(CakeResponse))
#15 C:\coisas\UniServer\vhosts\timmath.jaguarsoft.info\app\webroot\index.php(92): Dispatcher->dispatch(Object(CakeRequest), Object(CakeResponse))
#16 {main}
2012-08-29 01:29:59 Error: [MissingTableException] Table aros_acos for model Permission was not found in datasource default.
#0 C:\coisas\UniServer\vhosts\timmath.jaguarsoft.info\lib\Cake\Model\Model.php(3180): Model->setSource('aros_acos')
#1 C:\coisas\UniServer\vhosts\timmath.jaguarsoft.info\lib\Cake\Model\Model.php(1301): Model->getDataSource()
#2 C:\coisas\UniServer\vhosts\timmath.jaguarsoft.info\lib\Cake\Model\Permission.php(88): Model->schema()
#3 C:\coisas\UniServer\vhosts\timmath.jaguarsoft.info\lib\Cake\Controller\Component\Acl\DbAcl.php(71): Permission->check(Array, 'Users/index', '*')
#4 C:\coisas\UniServer\vhosts\timmath.jaguarsoft.info\lib\Cake\Controller\Component\AclComponent.php(108): DbAcl->check(Array, 'Users/index', '*')
#5 C:\coisas\UniServer\vhosts\timmath.jaguarsoft.info\lib\Cake\Controller\Component\Auth\ActionsAuthorize.php(39): AclComponent->check(Array, 'Users/index')
#6 C:\coisas\UniServer\vhosts\timmath.jaguarsoft.info\lib\Cake\Controller\Component\AuthComponent.php(379): ActionsAuthorize->authorize(Array, Object(CakeRequest))
#7 C:\coisas\UniServer\vhosts\timmath.jaguarsoft.info\lib\Cake\Controller\Component\AuthComponent.php(326): AuthComponent->isAuthorized(Array)
#8 [internal function]: AuthComponent->startup(Object(UsersController))
#9 C:\coisas\UniServer\vhosts\timmath.jaguarsoft.info\lib\Cake\Utility\ObjectCollection.php(130): call_user_func_array(Array, Array)
#10 [internal function]: ObjectCollection->trigger(Object(CakeEvent))
#11 C:\coisas\UniServer\vhosts\timmath.jaguarsoft.info\lib\Cake\Event\CakeEventManager.php(246): call_user_func(Array, Object(CakeEvent))
#12 C:\coisas\UniServer\vhosts\timmath.jaguarsoft.info\lib\Cake\Controller\Controller.php(671): CakeEventManager->dispatch(Object(CakeEvent))
#13 C:\coisas\UniServer\vhosts\timmath.jaguarsoft.info\lib\Cake\Routing\Dispatcher.php(183): Controller->startupProcess()
#14 C:\coisas\UniServer\vhosts\timmath.jaguarsoft.info\lib\Cake\Routing\Dispatcher.php(161): Dispatcher->_invoke(Object(UsersController), Object(CakeRequest), Object(CakeResponse))
#15 C:\coisas\UniServer\vhosts\timmath.jaguarsoft.info\app\webroot\index.php(92): Dispatcher->dispatch(Object(CakeRequest), Object(CakeResponse))
#16 {main}
2012-08-29 01:30:10 Error: [MissingTableException] Table aros_acos for model Permission was not found in datasource default.
#0 C:\coisas\UniServer\vhosts\timmath.jaguarsoft.info\lib\Cake\Model\Model.php(3180): Model->setSource('aros_acos')
#1 C:\coisas\UniServer\vhosts\timmath.jaguarsoft.info\lib\Cake\Model\Model.php(1301): Model->getDataSource()
#2 C:\coisas\UniServer\vhosts\timmath.jaguarsoft.info\lib\Cake\Model\Permission.php(88): Model->schema()
#3 C:\coisas\UniServer\vhosts\timmath.jaguarsoft.info\lib\Cake\Controller\Component\Acl\DbAcl.php(71): Permission->check(Array, 'Users/index', '*')
#4 C:\coisas\UniServer\vhosts\timmath.jaguarsoft.info\lib\Cake\Controller\Component\AclComponent.php(108): DbAcl->check(Array, 'Users/index', '*')
#5 C:\coisas\UniServer\vhosts\timmath.jaguarsoft.info\lib\Cake\Controller\Component\Auth\ActionsAuthorize.php(39): AclComponent->check(Array, 'Users/index')
#6 C:\coisas\UniServer\vhosts\timmath.jaguarsoft.info\lib\Cake\Controller\Component\AuthComponent.php(379): ActionsAuthorize->authorize(Array, Object(CakeRequest))
#7 C:\coisas\UniServer\vhosts\timmath.jaguarsoft.info\lib\Cake\Controller\Component\AuthComponent.php(326): AuthComponent->isAuthorized(Array)
#8 [internal function]: AuthComponent->startup(Object(UsersController))
#9 C:\coisas\UniServer\vhosts\timmath.jaguarsoft.info\lib\Cake\Utility\ObjectCollection.php(130): call_user_func_array(Array, Array)
#10 [internal function]: ObjectCollection->trigger(Object(CakeEvent))
#11 C:\coisas\UniServer\vhosts\timmath.jaguarsoft.info\lib\Cake\Event\CakeEventManager.php(246): call_user_func(Array, Object(CakeEvent))
#12 C:\coisas\UniServer\vhosts\timmath.jaguarsoft.info\lib\Cake\Controller\Controller.php(671): CakeEventManager->dispatch(Object(CakeEvent))
#13 C:\coisas\UniServer\vhosts\timmath.jaguarsoft.info\lib\Cake\Routing\Dispatcher.php(183): Controller->startupProcess()
#14 C:\coisas\UniServer\vhosts\timmath.jaguarsoft.info\lib\Cake\Routing\Dispatcher.php(161): Dispatcher->_invoke(Object(UsersController), Object(CakeRequest), Object(CakeResponse))
#15 C:\coisas\UniServer\vhosts\timmath.jaguarsoft.info\app\webroot\index.php(92): Dispatcher->dispatch(Object(CakeRequest), Object(CakeResponse))
#16 {main}
2012-08-29 03:07:08 Error: [MissingTableException] Table aros_acos for model Permission was not found in datasource default.
#0 C:\coisas\UniServer\vhosts\timmath.jaguarsoft.info\lib\Cake\Model\Model.php(3180): Model->setSource('aros_acos')
#1 C:\coisas\UniServer\vhosts\timmath.jaguarsoft.info\lib\Cake\Model\Model.php(1301): Model->getDataSource()
#2 C:\coisas\UniServer\vhosts\timmath.jaguarsoft.info\lib\Cake\Model\Permission.php(88): Model->schema()
#3 C:\coisas\UniServer\vhosts\timmath.jaguarsoft.info\lib\Cake\Controller\Component\Acl\DbAcl.php(71): Permission->check(Array, 'Home/index', '*')
#4 C:\coisas\UniServer\vhosts\timmath.jaguarsoft.info\lib\Cake\Controller\Component\AclComponent.php(108): DbAcl->check(Array, 'Home/index', '*')
#5 C:\coisas\UniServer\vhosts\timmath.jaguarsoft.info\lib\Cake\Controller\Component\Auth\ActionsAuthorize.php(39): AclComponent->check(Array, 'Home/index')
#6 C:\coisas\UniServer\vhosts\timmath.jaguarsoft.info\lib\Cake\Controller\Component\AuthComponent.php(379): ActionsAuthorize->authorize(Array, Object(CakeRequest))
#7 C:\coisas\UniServer\vhosts\timmath.jaguarsoft.info\lib\Cake\Controller\Component\AuthComponent.php(326): AuthComponent->isAuthorized(Array)
#8 [internal function]: AuthComponent->startup(Object(HomeController))
#9 C:\coisas\UniServer\vhosts\timmath.jaguarsoft.info\lib\Cake\Utility\ObjectCollection.php(130): call_user_func_array(Array, Array)
#10 [internal function]: ObjectCollection->trigger(Object(CakeEvent))
#11 C:\coisas\UniServer\vhosts\timmath.jaguarsoft.info\lib\Cake\Event\CakeEventManager.php(246): call_user_func(Array, Object(CakeEvent))
#12 C:\coisas\UniServer\vhosts\timmath.jaguarsoft.info\lib\Cake\Controller\Controller.php(671): CakeEventManager->dispatch(Object(CakeEvent))
#13 C:\coisas\UniServer\vhosts\timmath.jaguarsoft.info\lib\Cake\Routing\Dispatcher.php(183): Controller->startupProcess()
#14 C:\coisas\UniServer\vhosts\timmath.jaguarsoft.info\lib\Cake\Routing\Dispatcher.php(161): Dispatcher->_invoke(Object(HomeController), Object(CakeRequest), Object(CakeResponse))
#15 C:\coisas\UniServer\vhosts\timmath.jaguarsoft.info\app\webroot\index.php(92): Dispatcher->dispatch(Object(CakeRequest), Object(CakeResponse))
#16 {main}
2012-08-29 03:07:09 Error: [MissingTableException] Table aros_acos for model Permission was not found in datasource default.
#0 C:\coisas\UniServer\vhosts\timmath.jaguarsoft.info\lib\Cake\Model\Model.php(3180): Model->setSource('aros_acos')
#1 C:\coisas\UniServer\vhosts\timmath.jaguarsoft.info\lib\Cake\Model\Model.php(1301): Model->getDataSource()
#2 C:\coisas\UniServer\vhosts\timmath.jaguarsoft.info\lib\Cake\Model\Permission.php(88): Model->schema()
#3 C:\coisas\UniServer\vhosts\timmath.jaguarsoft.info\lib\Cake\Controller\Component\Acl\DbAcl.php(71): Permission->check(Array, 'Home/index', '*')
#4 C:\coisas\UniServer\vhosts\timmath.jaguarsoft.info\lib\Cake\Controller\Component\AclComponent.php(108): DbAcl->check(Array, 'Home/index', '*')
#5 C:\coisas\UniServer\vhosts\timmath.jaguarsoft.info\lib\Cake\Controller\Component\Auth\ActionsAuthorize.php(39): AclComponent->check(Array, 'Home/index')
#6 C:\coisas\UniServer\vhosts\timmath.jaguarsoft.info\lib\Cake\Controller\Component\AuthComponent.php(379): ActionsAuthorize->authorize(Array, Object(CakeRequest))
#7 C:\coisas\UniServer\vhosts\timmath.jaguarsoft.info\lib\Cake\Controller\Component\AuthComponent.php(326): AuthComponent->isAuthorized(Array)
#8 [internal function]: AuthComponent->startup(Object(HomeController))
#9 C:\coisas\UniServer\vhosts\timmath.jaguarsoft.info\lib\Cake\Utility\ObjectCollection.php(130): call_user_func_array(Array, Array)
#10 [internal function]: ObjectCollection->trigger(Object(CakeEvent))
#11 C:\coisas\UniServer\vhosts\timmath.jaguarsoft.info\lib\Cake\Event\CakeEventManager.php(246): call_user_func(Array, Object(CakeEvent))
#12 C:\coisas\UniServer\vhosts\timmath.jaguarsoft.info\lib\Cake\Controller\Controller.php(671): CakeEventManager->dispatch(Object(CakeEvent))
#13 C:\coisas\UniServer\vhosts\timmath.jaguarsoft.info\lib\Cake\Routing\Dispatcher.php(183): Controller->startupProcess()
#14 C:\coisas\UniServer\vhosts\timmath.jaguarsoft.info\lib\Cake\Routing\Dispatcher.php(161): Dispatcher->_invoke(Object(HomeController), Object(CakeRequest), Object(CakeResponse))
#15 C:\coisas\UniServer\vhosts\timmath.jaguarsoft.info\app\webroot\index.php(92): Dispatcher->dispatch(Object(CakeRequest), Object(CakeResponse))
#16 {main}
2012-08-29 03:07:22 Error: [MissingTableException] Table aros_acos for model Permission was not found in datasource default.
#0 C:\coisas\UniServer\vhosts\timmath.jaguarsoft.info\lib\Cake\Model\Model.php(3180): Model->setSource('aros_acos')
#1 C:\coisas\UniServer\vhosts\timmath.jaguarsoft.info\lib\Cake\Model\Model.php(1301): Model->getDataSource()
#2 C:\coisas\UniServer\vhosts\timmath.jaguarsoft.info\lib\Cake\Model\Permission.php(88): Model->schema()
#3 C:\coisas\UniServer\vhosts\timmath.jaguarsoft.info\lib\Cake\Controller\Component\Acl\DbAcl.php(71): Permission->check(Array, 'Home/index', '*')
#4 C:\coisas\UniServer\vhosts\timmath.jaguarsoft.info\lib\Cake\Controller\Component\AclComponent.php(108): DbAcl->check(Array, 'Home/index', '*')
#5 C:\coisas\UniServer\vhosts\timmath.jaguarsoft.info\lib\Cake\Controller\Component\Auth\ActionsAuthorize.php(39): AclComponent->check(Array, 'Home/index')
#6 C:\coisas\UniServer\vhosts\timmath.jaguarsoft.info\lib\Cake\Controller\Component\AuthComponent.php(379): ActionsAuthorize->authorize(Array, Object(CakeRequest))
#7 C:\coisas\UniServer\vhosts\timmath.jaguarsoft.info\lib\Cake\Controller\Component\AuthComponent.php(326): AuthComponent->isAuthorized(Array)
#8 [internal function]: AuthComponent->startup(Object(HomeController))
#9 C:\coisas\UniServer\vhosts\timmath.jaguarsoft.info\lib\Cake\Utility\ObjectCollection.php(130): call_user_func_array(Array, Array)
#10 [internal function]: ObjectCollection->trigger(Object(CakeEvent))
#11 C:\coisas\UniServer\vhosts\timmath.jaguarsoft.info\lib\Cake\Event\CakeEventManager.php(246): call_user_func(Array, Object(CakeEvent))
#12 C:\coisas\UniServer\vhosts\timmath.jaguarsoft.info\lib\Cake\Controller\Controller.php(671): CakeEventManager->dispatch(Object(CakeEvent))
#13 C:\coisas\UniServer\vhosts\timmath.jaguarsoft.info\lib\Cake\Routing\Dispatcher.php(183): Controller->startupProcess()
#14 C:\coisas\UniServer\vhosts\timmath.jaguarsoft.info\lib\Cake\Routing\Dispatcher.php(161): Dispatcher->_invoke(Object(HomeController), Object(CakeRequest), Object(CakeResponse))
#15 C:\coisas\UniServer\vhosts\timmath.jaguarsoft.info\app\webroot\index.php(92): Dispatcher->dispatch(Object(CakeRequest), Object(CakeResponse))
#16 {main}
2012-08-29 03:11:00 Error: [MissingTableException] Table aros_acos for model Permission was not found in datasource default.
#0 C:\coisas\UniServer\vhosts\timmath.jaguarsoft.info\lib\Cake\Model\Model.php(3180): Model->setSource('aros_acos')
#1 C:\coisas\UniServer\vhosts\timmath.jaguarsoft.info\lib\Cake\Model\Model.php(1301): Model->getDataSource()
#2 C:\coisas\UniServer\vhosts\timmath.jaguarsoft.info\lib\Cake\Model\Permission.php(88): Model->schema()
#3 C:\coisas\UniServer\vhosts\timmath.jaguarsoft.info\lib\Cake\Controller\Component\Acl\DbAcl.php(71): Permission->check(Array, 'Home/index', '*')
#4 C:\coisas\UniServer\vhosts\timmath.jaguarsoft.info\lib\Cake\Controller\Component\AclComponent.php(108): DbAcl->check(Array, 'Home/index', '*')
#5 C:\coisas\UniServer\vhosts\timmath.jaguarsoft.info\lib\Cake\Controller\Component\Auth\ActionsAuthorize.php(39): AclComponent->check(Array, 'Home/index')
#6 C:\coisas\UniServer\vhosts\timmath.jaguarsoft.info\lib\Cake\Controller\Component\AuthComponent.php(379): ActionsAuthorize->authorize(Array, Object(CakeRequest))
#7 C:\coisas\UniServer\vhosts\timmath.jaguarsoft.info\lib\Cake\Controller\Component\AuthComponent.php(326): AuthComponent->isAuthorized(Array)
#8 [internal function]: AuthComponent->startup(Object(HomeController))
#9 C:\coisas\UniServer\vhosts\timmath.jaguarsoft.info\lib\Cake\Utility\ObjectCollection.php(130): call_user_func_array(Array, Array)
#10 [internal function]: ObjectCollection->trigger(Object(CakeEvent))
#11 C:\coisas\UniServer\vhosts\timmath.jaguarsoft.info\lib\Cake\Event\CakeEventManager.php(246): call_user_func(Array, Object(CakeEvent))
#12 C:\coisas\UniServer\vhosts\timmath.jaguarsoft.info\lib\Cake\Controller\Controller.php(671): CakeEventManager->dispatch(Object(CakeEvent))
#13 C:\coisas\UniServer\vhosts\timmath.jaguarsoft.info\lib\Cake\Routing\Dispatcher.php(183): Controller->startupProcess()
#14 C:\coisas\UniServer\vhosts\timmath.jaguarsoft.info\lib\Cake\Routing\Dispatcher.php(161): Dispatcher->_invoke(Object(HomeController), Object(CakeRequest), Object(CakeResponse))
#15 C:\coisas\UniServer\vhosts\timmath.jaguarsoft.info\app\webroot\index.php(92): Dispatcher->dispatch(Object(CakeRequest), Object(CakeResponse))
#16 {main}
2012-08-29 18:12:19 Error: [MissingViewException] View file "C:\coisas\UniServer\vhosts\timmath.jaguarsoft.info\app\View\Home\make_acl.ctp" is missing.
#0 C:\coisas\UniServer\vhosts\timmath.jaguarsoft.info\lib\Cake\View\View.php(472): View->_getViewFileName(NULL)
#1 C:\coisas\UniServer\vhosts\timmath.jaguarsoft.info\lib\Cake\Controller\Controller.php(957): View->render(NULL, NULL)
#2 C:\coisas\UniServer\vhosts\timmath.jaguarsoft.info\lib\Cake\Routing\Dispatcher.php(193): Controller->render()
#3 C:\coisas\UniServer\vhosts\timmath.jaguarsoft.info\lib\Cake\Routing\Dispatcher.php(161): Dispatcher->_invoke(Object(HomeController), Object(CakeRequest), Object(CakeResponse))
#4 C:\coisas\UniServer\vhosts\timmath.jaguarsoft.info\app\webroot\index.php(92): Dispatcher->dispatch(Object(CakeRequest), Object(CakeResponse))
#5 {main}
2012-08-29 18:45:37 Error: [MissingViewException] View file "C:\coisas\UniServer\vhosts\timmath.jaguarsoft.info\app\View\Home\about.ctp" is missing.
#0 C:\coisas\UniServer\vhosts\timmath.jaguarsoft.info\lib\Cake\View\View.php(472): View->_getViewFileName(NULL)
#1 C:\coisas\UniServer\vhosts\timmath.jaguarsoft.info\lib\Cake\Controller\Controller.php(957): View->render(NULL, NULL)
#2 C:\coisas\UniServer\vhosts\timmath.jaguarsoft.info\lib\Cake\Routing\Dispatcher.php(193): Controller->render()
#3 C:\coisas\UniServer\vhosts\timmath.jaguarsoft.info\lib\Cake\Routing\Dispatcher.php(161): Dispatcher->_invoke(Object(HomeController), Object(CakeRequest), Object(CakeResponse))
#4 C:\coisas\UniServer\vhosts\timmath.jaguarsoft.info\app\webroot\index.php(92): Dispatcher->dispatch(Object(CakeRequest), Object(CakeResponse))
#5 {main}
2012-08-29 18:50:42 Error: [CakeException] AclNode::node() - Couldn't find Aro node identified by "Array
(
    [Aro0.model] => User
    [Aro0.foreign_key] => 125
)
"
#0 C:\coisas\UniServer\vhosts\timmath.jaguarsoft.info\lib\Cake\Model\Permission.php(89): AclNode->node(Array)
#1 C:\coisas\UniServer\vhosts\timmath.jaguarsoft.info\lib\Cake\Controller\Component\Acl\DbAcl.php(71): Permission->check(Array, 'Cpanel/index', '*')
#2 C:\coisas\UniServer\vhosts\timmath.jaguarsoft.info\lib\Cake\Controller\Component\AclComponent.php(108): DbAcl->check(Array, 'Cpanel/index', '*')
#3 C:\coisas\UniServer\vhosts\timmath.jaguarsoft.info\lib\Cake\Controller\Component\Auth\ActionsAuthorize.php(39): AclComponent->check(Array, 'Cpanel/index')
#4 C:\coisas\UniServer\vhosts\timmath.jaguarsoft.info\lib\Cake\Controller\Component\AuthComponent.php(379): ActionsAuthorize->authorize(Array, Object(CakeRequest))
#5 C:\coisas\UniServer\vhosts\timmath.jaguarsoft.info\lib\Cake\Controller\Component\AuthComponent.php(326): AuthComponent->isAuthorized(Array)
#6 [internal function]: AuthComponent->startup(Object(CPanelController))
#7 C:\coisas\UniServer\vhosts\timmath.jaguarsoft.info\lib\Cake\Utility\ObjectCollection.php(130): call_user_func_array(Array, Array)
#8 [internal function]: ObjectCollection->trigger(Object(CakeEvent))
#9 C:\coisas\UniServer\vhosts\timmath.jaguarsoft.info\lib\Cake\Event\CakeEventManager.php(246): call_user_func(Array, Object(CakeEvent))
#10 C:\coisas\UniServer\vhosts\timmath.jaguarsoft.info\lib\Cake\Controller\Controller.php(671): CakeEventManager->dispatch(Object(CakeEvent))
#11 C:\coisas\UniServer\vhosts\timmath.jaguarsoft.info\lib\Cake\Routing\Dispatcher.php(183): Controller->startupProcess()
#12 C:\coisas\UniServer\vhosts\timmath.jaguarsoft.info\lib\Cake\Routing\Dispatcher.php(161): Dispatcher->_invoke(Object(CPanelController), Object(CakeRequest), Object(CakeResponse))
#13 C:\coisas\UniServer\vhosts\timmath.jaguarsoft.info\app\webroot\index.php(92): Dispatcher->dispatch(Object(CakeRequest), Object(CakeResponse))
#14 {main}
2012-08-29 19:04:57 Error: [CakeException] AclNode::node() - Couldn't find Aro node identified by "Array
(
    [Aro0.model] => Group
    [Aro0.foreign_key] => 2
)
"
#0 C:\coisas\UniServer\vhosts\timmath.jaguarsoft.info\lib\Cake\Model\Behavior\AclBehavior.php(89): AclNode->node(Array)
#1 C:\coisas\UniServer\vhosts\timmath.jaguarsoft.info\lib\Cake\Model\Behavior\AclBehavior.php(115): AclBehavior->node(Object(Group), NULL, 'Aro')
#2 [internal function]: AclBehavior->afterSave(Object(Group), false, Array)
#3 C:\coisas\UniServer\vhosts\timmath.jaguarsoft.info\lib\Cake\Utility\ObjectCollection.php(130): call_user_func_array(Array, Array)
#4 [internal function]: ObjectCollection->trigger(Object(CakeEvent))
#5 C:\coisas\UniServer\vhosts\timmath.jaguarsoft.info\lib\Cake\Event\CakeEventManager.php(246): call_user_func(Array, Object(CakeEvent))
#6 C:\coisas\UniServer\vhosts\timmath.jaguarsoft.info\lib\Cake\Model\Model.php(1755): CakeEventManager->dispatch(Object(CakeEvent))
#7 C:\coisas\UniServer\vhosts\timmath.jaguarsoft.info\app\Controller\GroupsController.php(70): Model->save(Array)
#8 [internal function]: GroupsController->edit('2')
#9 C:\coisas\UniServer\vhosts\timmath.jaguarsoft.info\lib\Cake\Controller\Controller.php(485): ReflectionMethod->invokeArgs(Object(GroupsController), Array)
#10 C:\coisas\UniServer\vhosts\timmath.jaguarsoft.info\lib\Cake\Routing\Dispatcher.php(186): Controller->invokeAction(Object(CakeRequest))
#11 C:\coisas\UniServer\vhosts\timmath.jaguarsoft.info\lib\Cake\Routing\Dispatcher.php(161): Dispatcher->_invoke(Object(GroupsController), Object(CakeRequest), Object(CakeResponse))
#12 C:\coisas\UniServer\vhosts\timmath.jaguarsoft.info\app\webroot\index.php(92): Dispatcher->dispatch(Object(CakeRequest), Object(CakeResponse))
#13 {main}
2012-09-15 18:50:15 Error: [MissingViewException] View file "C:\coisas\UniServer\vhosts\timmath.jaguarsoft.info\app\View\Home\services.ctp" is missing.
#0 C:\coisas\UniServer\vhosts\timmath.jaguarsoft.info\lib\Cake\View\View.php(472): View->_getViewFileName(NULL)
#1 C:\coisas\UniServer\vhosts\timmath.jaguarsoft.info\lib\Cake\Controller\Controller.php(957): View->render(NULL, NULL)
#2 C:\coisas\UniServer\vhosts\timmath.jaguarsoft.info\lib\Cake\Routing\Dispatcher.php(193): Controller->render()
#3 C:\coisas\UniServer\vhosts\timmath.jaguarsoft.info\lib\Cake\Routing\Dispatcher.php(161): Dispatcher->_invoke(Object(HomeController), Object(CakeRequest), Object(CakeResponse))
#4 C:\coisas\UniServer\vhosts\timmath.jaguarsoft.info\app\webroot\index.php(92): Dispatcher->dispatch(Object(CakeRequest), Object(CakeResponse))
#5 {main}
2012-09-15 18:50:49 Error: [MissingViewException] View file "C:\coisas\UniServer\vhosts\timmath.jaguarsoft.info\app\View\Home\contact.ctp" is missing.
#0 C:\coisas\UniServer\vhosts\timmath.jaguarsoft.info\lib\Cake\View\View.php(472): View->_getViewFileName(NULL)
#1 C:\coisas\UniServer\vhosts\timmath.jaguarsoft.info\lib\Cake\Controller\Controller.php(957): View->render(NULL, NULL)
#2 C:\coisas\UniServer\vhosts\timmath.jaguarsoft.info\lib\Cake\Routing\Dispatcher.php(193): Controller->render()
#3 C:\coisas\UniServer\vhosts\timmath.jaguarsoft.info\lib\Cake\Routing\Dispatcher.php(161): Dispatcher->_invoke(Object(HomeController), Object(CakeRequest), Object(CakeResponse))
#4 C:\coisas\UniServer\vhosts\timmath.jaguarsoft.info\app\webroot\index.php(92): Dispatcher->dispatch(Object(CakeRequest), Object(CakeResponse))
#5 {main}
